09 08, 2020 18:59:59 下午 cn.how2j.diytomcat.Bootstrap logJVM
INFO : Server version:		How2J DiyTomcat/1.0.1
09 08, 2020 18:59:59 下午 cn.how2j.diytomcat.Bootstrap logJVM
INFO : Server built:		2020-04-08 10:20:22
09 08, 2020 18:59:59 下午 cn.how2j.diytomcat.Bootstrap logJVM
INFO : Server number:		1.0.1
09 08, 2020 18:59:59 下午 cn.how2j.diytomcat.Bootstrap logJVM
INFO : OS Name	:		Windows 10
09 08, 2020 18:59:59 下午 cn.how2j.diytomcat.Bootstrap logJVM
INFO : OS Version:		10.0
09 08, 2020 18:59:59 下午 cn.how2j.diytomcat.Bootstrap logJVM
INFO : Architecture:		amd64
09 08, 2020 18:59:59 下午 cn.how2j.diytomcat.Bootstrap logJVM
INFO : Java Home:		C:\Program Files\Java\jdk1.8.0_144\jre
09 08, 2020 18:59:59 下午 cn.how2j.diytomcat.Bootstrap logJVM
INFO : JVM Version:		1.8.0_144-b01
09 08, 2020 18:59:59 下午 cn.how2j.diytomcat.Bootstrap logJVM
INFO : JVM Vendor:		Oracle Corporation
09 08, 2020 19:27:23 下午 cn.how2j.diytomcat.Bootstrap logJVM
INFO : Server version:		How2J DiyTomcat/1.0.1
09 08, 2020 19:27:23 下午 cn.how2j.diytomcat.Bootstrap logJVM
INFO : Server built:		2020-04-08 10:20:22
09 08, 2020 19:27:23 下午 cn.how2j.diytomcat.Bootstrap logJVM
INFO : Server number:		1.0.1
09 08, 2020 19:27:23 下午 cn.how2j.diytomcat.Bootstrap logJVM
INFO : OS Name	:		Windows 10
09 08, 2020 19:27:23 下午 cn.how2j.diytomcat.Bootstrap logJVM
INFO : OS Version:		10.0
09 08, 2020 19:27:23 下午 cn.how2j.diytomcat.Bootstrap logJVM
INFO : Architecture:		amd64
09 08, 2020 19:27:23 下午 cn.how2j.diytomcat.Bootstrap logJVM
INFO : Java Home:		C:\Program Files\Java\jdk1.8.0_144\jre
09 08, 2020 19:27:23 下午 cn.how2j.diytomcat.Bootstrap logJVM
INFO : JVM Version:		1.8.0_144-b01
09 08, 2020 19:27:23 下午 cn.how2j.diytomcat.Bootstrap logJVM
INFO : JVM Vendor:		Oracle Corporation
09 08, 2020 19:34:20 下午 cn.how2j.diytomcat.Bootstrap logJVM
INFO : Server version:		How2J DiyTomcat/1.0.1
09 08, 2020 19:34:20 下午 cn.how2j.diytomcat.Bootstrap logJVM
INFO : Server built:		2020-04-08 10:20:22
09 08, 2020 19:34:20 下午 cn.how2j.diytomcat.Bootstrap logJVM
INFO : Server number:		1.0.1
09 08, 2020 19:34:20 下午 cn.how2j.diytomcat.Bootstrap logJVM
INFO : OS Name	:		Windows 10
09 08, 2020 19:34:20 下午 cn.how2j.diytomcat.Bootstrap logJVM
INFO : OS Version:		10.0
09 08, 2020 19:34:20 下午 cn.how2j.diytomcat.Bootstrap logJVM
INFO : Architecture:		amd64
09 08, 2020 19:34:20 下午 cn.how2j.diytomcat.Bootstrap logJVM
INFO : Java Home:		C:\Program Files\Java\jdk1.8.0_144\jre
09 08, 2020 19:34:20 下午 cn.how2j.diytomcat.Bootstrap logJVM
INFO : JVM Version:		1.8.0_144-b01
09 08, 2020 19:34:20 下午 cn.how2j.diytomcat.Bootstrap logJVM
INFO : JVM Vendor:		Oracle Corporation
09 08, 2020 19:34:20 下午 cn.how2j.diytomcat.catalina.Context <init>
INFO : Deploying web application directory F:\project\diytomcat\webapps\a
09 08, 2020 19:34:20 下午 cn.how2j.diytomcat.catalina.Context <init>
INFO : Deployment of web application directory F:\project\diytomcat\webapps\a has finished in 0 ms
09 08, 2020 19:34:20 下午 cn.how2j.diytomcat.catalina.Context <init>
INFO : Deploying web application directory F:\project\diytomcat\webapps\ROOT
09 08, 2020 19:34:20 下午 cn.how2j.diytomcat.catalina.Context <init>
INFO : Deployment of web application directory F:\project\diytomcat\webapps\ROOT has finished in 1 ms
09 08, 2020 19:34:21 下午 cn.how2j.diytomcat.catalina.Context <init>
INFO : Deploying web application directory F:/project/diytomcat/b
09 08, 2020 19:34:21 下午 cn.how2j.diytomcat.catalina.Context <init>
INFO : Deployment of web application directory F:/project/diytomcat/b has finished in 0 ms
09 08, 2020 19:48:34 下午 cn.how2j.diytomcat.Bootstrap logJVM
INFO : Server version:		How2J DiyTomcat/1.0.1
09 08, 2020 19:48:34 下午 cn.how2j.diytomcat.Bootstrap logJVM
INFO : Server built:		2020-04-08 10:20:22
09 08, 2020 19:48:34 下午 cn.how2j.diytomcat.Bootstrap logJVM
INFO : Server number:		1.0.1
09 08, 2020 19:48:34 下午 cn.how2j.diytomcat.Bootstrap logJVM
INFO : OS Name	:		Windows 10
09 08, 2020 19:48:34 下午 cn.how2j.diytomcat.Bootstrap logJVM
INFO : OS Version:		10.0
09 08, 2020 19:48:34 下午 cn.how2j.diytomcat.Bootstrap logJVM
INFO : Architecture:		amd64
09 08, 2020 19:48:34 下午 cn.how2j.diytomcat.Bootstrap logJVM
INFO : Java Home:		C:\Program Files\Java\jdk1.8.0_144\jre
09 08, 2020 19:48:34 下午 cn.how2j.diytomcat.Bootstrap logJVM
INFO : JVM Version:		1.8.0_144-b01
09 08, 2020 19:48:34 下午 cn.how2j.diytomcat.Bootstrap logJVM
INFO : JVM Vendor:		Oracle Corporation
09 08, 2020 19:48:34 下午 cn.how2j.diytomcat.catalina.Context <init>
INFO : Deploying web application directory F:\project\diytomcat\webapps\a
09 08, 2020 19:48:34 下午 cn.how2j.diytomcat.catalina.Context <init>
INFO : Deployment of web application directory F:\project\diytomcat\webapps\a has finished in 1 ms
09 08, 2020 19:48:34 下午 cn.how2j.diytomcat.catalina.Context <init>
INFO : Deploying web application directory F:\project\diytomcat\webapps\ROOT
09 08, 2020 19:48:34 下午 cn.how2j.diytomcat.catalina.Context <init>
INFO : Deployment of web application directory F:\project\diytomcat\webapps\ROOT has finished in 2 ms
09 08, 2020 19:48:35 下午 cn.how2j.diytomcat.catalina.Context <init>
INFO : Deploying web application directory F:/project/diytomcat/b
09 08, 2020 19:48:35 下午 cn.how2j.diytomcat.catalina.Context <init>
INFO : Deployment of web application directory F:/project/diytomcat/b has finished in 1 ms
09 08, 2020 19:58:15 下午 cn.how2j.diytomcat.Bootstrap logJVM
INFO : Server version:		How2J DiyTomcat/1.0.1
09 08, 2020 19:58:15 下午 cn.how2j.diytomcat.Bootstrap logJVM
INFO : Server built:		2020-04-08 10:20:22
09 08, 2020 19:58:15 下午 cn.how2j.diytomcat.Bootstrap logJVM
INFO : Server number:		1.0.1
09 08, 2020 19:58:15 下午 cn.how2j.diytomcat.Bootstrap logJVM
INFO : OS Name	:		Windows 10
09 08, 2020 19:58:15 下午 cn.how2j.diytomcat.Bootstrap logJVM
INFO : OS Version:		10.0
09 08, 2020 19:58:15 下午 cn.how2j.diytomcat.Bootstrap logJVM
INFO : Architecture:		amd64
09 08, 2020 19:58:15 下午 cn.how2j.diytomcat.Bootstrap logJVM
INFO : Java Home:		C:\Program Files\Java\jdk1.8.0_144\jre
09 08, 2020 19:58:15 下午 cn.how2j.diytomcat.Bootstrap logJVM
INFO : JVM Version:		1.8.0_144-b01
09 08, 2020 19:58:15 下午 cn.how2j.diytomcat.Bootstrap logJVM
INFO : JVM Vendor:		Oracle Corporation
09 08, 2020 19:58:15 下午 cn.how2j.diytomcat.catalina.Context <init>
INFO : Deploying web application directory F:\project\diytomcat\webapps\a
09 08, 2020 19:58:15 下午 cn.how2j.diytomcat.catalina.Context <init>
INFO : Deployment of web application directory F:\project\diytomcat\webapps\a has finished in 1 ms
09 08, 2020 19:58:15 下午 cn.how2j.diytomcat.catalina.Context <init>
INFO : Deploying web application directory F:\project\diytomcat\webapps\ROOT
09 08, 2020 19:58:15 下午 cn.how2j.diytomcat.catalina.Context <init>
INFO : Deployment of web application directory F:\project\diytomcat\webapps\ROOT has finished in 0 ms
09 08, 2020 19:58:15 下午 cn.how2j.diytomcat.catalina.Context <init>
INFO : Deploying web application directory F:/project/diytomcat/b
09 08, 2020 19:58:15 下午 cn.how2j.diytomcat.catalina.Context <init>
INFO : Deployment of web application directory F:/project/diytomcat/b has finished in 1 ms
09 08, 2020 20:04:00 下午 cn.how2j.diytomcat.Bootstrap logJVM
INFO : Server version:		How2J DiyTomcat/1.0.1
09 08, 2020 20:04:00 下午 cn.how2j.diytomcat.Bootstrap logJVM
INFO : Server built:		2020-04-08 10:20:22
09 08, 2020 20:04:00 下午 cn.how2j.diytomcat.Bootstrap logJVM
INFO : Server number:		1.0.1
09 08, 2020 20:04:00 下午 cn.how2j.diytomcat.Bootstrap logJVM
INFO : OS Name	:		Windows 10
09 08, 2020 20:04:00 下午 cn.how2j.diytomcat.Bootstrap logJVM
INFO : OS Version:		10.0
09 08, 2020 20:04:00 下午 cn.how2j.diytomcat.Bootstrap logJVM
INFO : Architecture:		amd64
09 08, 2020 20:04:00 下午 cn.how2j.diytomcat.Bootstrap logJVM
INFO : Java Home:		C:\Program Files\Java\jdk1.8.0_144\jre
09 08, 2020 20:04:00 下午 cn.how2j.diytomcat.Bootstrap logJVM
INFO : JVM Version:		1.8.0_144-b01
09 08, 2020 20:04:00 下午 cn.how2j.diytomcat.Bootstrap logJVM
INFO : JVM Vendor:		Oracle Corporation
09 08, 2020 20:04:01 下午 cn.how2j.diytomcat.catalina.Context <init>
INFO : Deploying web application directory F:\project\diytomcat\webapps\a
09 08, 2020 20:04:01 下午 cn.how2j.diytomcat.catalina.Context <init>
INFO : Deployment of web application directory F:\project\diytomcat\webapps\a has finished in 1 ms
09 08, 2020 20:04:01 下午 cn.how2j.diytomcat.catalina.Context <init>
INFO : Deploying web application directory F:\project\diytomcat\webapps\ROOT
09 08, 2020 20:04:01 下午 cn.how2j.diytomcat.catalina.Context <init>
INFO : Deployment of web application directory F:\project\diytomcat\webapps\ROOT has finished in 2 ms
09 08, 2020 20:04:01 下午 cn.how2j.diytomcat.catalina.Context <init>
INFO : Deploying web application directory F:/project/diytomcat/b
09 08, 2020 20:04:01 下午 cn.how2j.diytomcat.catalina.Context <init>
INFO : Deployment of web application directory F:/project/diytomcat/b has finished in 0 ms
09 08, 2020 20:04:01 下午 cn.how2j.diytomcat.Bootstrap error
ERROR: Address already in use: JVM_Bind
java.net.BindException: Address already in use: JVM_Bind
	at java.net.DualStackPlainSocketImpl.bind0(Native Method)
	at java.net.DualStackPlainSocketImpl.socketBind(DualStackPlainSocketImpl.java:106)
	at java.net.AbstractPlainSocketImpl.bind(AbstractPlainSocketImpl.java:387)
	at java.net.PlainSocketImpl.bind(PlainSocketImpl.java:190)
	at java.net.ServerSocket.bind(ServerSocket.java:375)
	at java.net.ServerSocket.<init>(ServerSocket.java:237)
	at java.net.ServerSocket.<init>(ServerSocket.java:128)
	at cn.how2j.diytomcat.Bootstrap.main(Bootstrap.java:38)
09 08, 2020 20:09:42 下午 cn.how2j.diytomcat.Bootstrap logJVM
INFO : Server version:		How2J DiyTomcat/1.0.1
09 08, 2020 20:09:42 下午 cn.how2j.diytomcat.Bootstrap logJVM
INFO : Server built:		2020-04-08 10:20:22
09 08, 2020 20:09:42 下午 cn.how2j.diytomcat.Bootstrap logJVM
INFO : Server number:		1.0.1
09 08, 2020 20:09:42 下午 cn.how2j.diytomcat.Bootstrap logJVM
INFO : OS Name	:		Windows 10
09 08, 2020 20:09:42 下午 cn.how2j.diytomcat.Bootstrap logJVM
INFO : OS Version:		10.0
09 08, 2020 20:09:42 下午 cn.how2j.diytomcat.Bootstrap logJVM
INFO : Architecture:		amd64
09 08, 2020 20:09:42 下午 cn.how2j.diytomcat.Bootstrap logJVM
INFO : Java Home:		C:\Program Files\Java\jdk1.8.0_144\jre
09 08, 2020 20:09:42 下午 cn.how2j.diytomcat.Bootstrap logJVM
INFO : JVM Version:		1.8.0_144-b01
09 08, 2020 20:09:42 下午 cn.how2j.diytomcat.Bootstrap logJVM
INFO : JVM Vendor:		Oracle Corporation
09 08, 2020 20:09:42 下午 cn.how2j.diytomcat.catalina.Context <init>
INFO : Deploying web application directory F:\project\diytomcat\webapps\a
09 08, 2020 20:09:42 下午 cn.how2j.diytomcat.catalina.Context <init>
INFO : Deployment of web application directory F:\project\diytomcat\webapps\a has finished in 1 ms
09 08, 2020 20:09:42 下午 cn.how2j.diytomcat.catalina.Context <init>
INFO : Deploying web application directory F:\project\diytomcat\webapps\ROOT
09 08, 2020 20:09:42 下午 cn.how2j.diytomcat.catalina.Context <init>
INFO : Deployment of web application directory F:\project\diytomcat\webapps\ROOT has finished in 0 ms
09 08, 2020 20:09:43 下午 cn.how2j.diytomcat.catalina.Context <init>
INFO : Deploying web application directory F:/project/diytomcat/b
09 08, 2020 20:09:43 下午 cn.how2j.diytomcat.catalina.Context <init>
INFO : Deployment of web application directory F:/project/diytomcat/b has finished in 0 ms
09 08, 2020 20:13:52 下午 cn.how2j.diytomcat.Bootstrap logJVM
INFO : Server version:		How2J DiyTomcat/1.0.1
09 08, 2020 20:13:52 下午 cn.how2j.diytomcat.Bootstrap logJVM
INFO : Server built:		2020-04-08 10:20:22
09 08, 2020 20:13:52 下午 cn.how2j.diytomcat.Bootstrap logJVM
INFO : Server number:		1.0.1
09 08, 2020 20:13:52 下午 cn.how2j.diytomcat.Bootstrap logJVM
INFO : OS Name	:		Windows 10
09 08, 2020 20:13:52 下午 cn.how2j.diytomcat.Bootstrap logJVM
INFO : OS Version:		10.0
09 08, 2020 20:13:52 下午 cn.how2j.diytomcat.Bootstrap logJVM
INFO : Architecture:		amd64
09 08, 2020 20:13:52 下午 cn.how2j.diytomcat.Bootstrap logJVM
INFO : Java Home:		C:\Program Files\Java\jdk1.8.0_144\jre
09 08, 2020 20:13:52 下午 cn.how2j.diytomcat.Bootstrap logJVM
INFO : JVM Version:		1.8.0_144-b01
09 08, 2020 20:13:52 下午 cn.how2j.diytomcat.Bootstrap logJVM
INFO : JVM Vendor:		Oracle Corporation
09 08, 2020 20:13:52 下午 cn.how2j.diytomcat.catalina.Context <init>
INFO : Deploying web application directory F:\project\diytomcat\webapps\a
09 08, 2020 20:13:52 下午 cn.how2j.diytomcat.catalina.Context <init>
INFO : Deployment of web application directory F:\project\diytomcat\webapps\a has finished in 1 ms
09 08, 2020 20:13:52 下午 cn.how2j.diytomcat.catalina.Context <init>
INFO : Deploying web application directory F:\project\diytomcat\webapps\ROOT
09 08, 2020 20:13:52 下午 cn.how2j.diytomcat.catalina.Context <init>
INFO : Deployment of web application directory F:\project\diytomcat\webapps\ROOT has finished in 3 ms
09 08, 2020 20:13:53 下午 cn.how2j.diytomcat.catalina.Context <init>
INFO : Deploying web application directory F:/project/diytomcat/b
09 08, 2020 20:13:53 下午 cn.how2j.diytomcat.catalina.Context <init>
INFO : Deployment of web application directory F:/project/diytomcat/b has finished in 0 ms
09 08, 2020 20:13:53 下午 cn.how2j.diytomcat.Bootstrap error
ERROR: Address already in use: JVM_Bind
java.net.BindException: Address already in use: JVM_Bind
	at java.net.DualStackPlainSocketImpl.bind0(Native Method)
	at java.net.DualStackPlainSocketImpl.socketBind(DualStackPlainSocketImpl.java:106)
	at java.net.AbstractPlainSocketImpl.bind(AbstractPlainSocketImpl.java:387)
	at java.net.PlainSocketImpl.bind(PlainSocketImpl.java:190)
	at java.net.ServerSocket.bind(ServerSocket.java:375)
	at java.net.ServerSocket.<init>(ServerSocket.java:237)
	at java.net.ServerSocket.<init>(ServerSocket.java:128)
	at cn.how2j.diytomcat.Bootstrap.main(Bootstrap.java:38)
09 08, 2020 20:14:03 下午 cn.how2j.diytomcat.Bootstrap logJVM
INFO : Server version:		How2J DiyTomcat/1.0.1
09 08, 2020 20:14:03 下午 cn.how2j.diytomcat.Bootstrap logJVM
INFO : Server built:		2020-04-08 10:20:22
09 08, 2020 20:14:03 下午 cn.how2j.diytomcat.Bootstrap logJVM
INFO : Server number:		1.0.1
09 08, 2020 20:14:03 下午 cn.how2j.diytomcat.Bootstrap logJVM
INFO : OS Name	:		Windows 10
09 08, 2020 20:14:03 下午 cn.how2j.diytomcat.Bootstrap logJVM
INFO : OS Version:		10.0
09 08, 2020 20:14:03 下午 cn.how2j.diytomcat.Bootstrap logJVM
INFO : Architecture:		amd64
09 08, 2020 20:14:04 下午 cn.how2j.diytomcat.Bootstrap logJVM
INFO : Java Home:		C:\Program Files\Java\jdk1.8.0_144\jre
09 08, 2020 20:14:04 下午 cn.how2j.diytomcat.Bootstrap logJVM
INFO : JVM Version:		1.8.0_144-b01
09 08, 2020 20:14:04 下午 cn.how2j.diytomcat.Bootstrap logJVM
INFO : JVM Vendor:		Oracle Corporation
09 08, 2020 20:14:04 下午 cn.how2j.diytomcat.catalina.Context <init>
INFO : Deploying web application directory F:\project\diytomcat\webapps\a
09 08, 2020 20:14:04 下午 cn.how2j.diytomcat.catalina.Context <init>
INFO : Deployment of web application directory F:\project\diytomcat\webapps\a has finished in 1 ms
09 08, 2020 20:14:04 下午 cn.how2j.diytomcat.catalina.Context <init>
INFO : Deploying web application directory F:\project\diytomcat\webapps\ROOT
09 08, 2020 20:14:04 下午 cn.how2j.diytomcat.catalina.Context <init>
INFO : Deployment of web application directory F:\project\diytomcat\webapps\ROOT has finished in 0 ms
09 08, 2020 20:14:04 下午 cn.how2j.diytomcat.catalina.Context <init>
INFO : Deploying web application directory F:/project/diytomcat/b
09 08, 2020 20:14:04 下午 cn.how2j.diytomcat.catalina.Context <init>
INFO : Deployment of web application directory F:/project/diytomcat/b has finished in 0 ms
09 08, 2020 20:21:56 下午 cn.how2j.diytomcat.Bootstrap logJVM
INFO : Server version:		How2J DiyTomcat/1.0.1
09 08, 2020 20:21:56 下午 cn.how2j.diytomcat.Bootstrap logJVM
INFO : Server built:		2020-04-08 10:20:22
09 08, 2020 20:21:56 下午 cn.how2j.diytomcat.Bootstrap logJVM
INFO : Server number:		1.0.1
09 08, 2020 20:21:56 下午 cn.how2j.diytomcat.Bootstrap logJVM
INFO : OS Name	:		Windows 10
09 08, 2020 20:21:56 下午 cn.how2j.diytomcat.Bootstrap logJVM
INFO : OS Version:		10.0
09 08, 2020 20:21:56 下午 cn.how2j.diytomcat.Bootstrap logJVM
INFO : Architecture:		amd64
09 08, 2020 20:21:56 下午 cn.how2j.diytomcat.Bootstrap logJVM
INFO : Java Home:		C:\Program Files\Java\jdk1.8.0_144\jre
09 08, 2020 20:21:56 下午 cn.how2j.diytomcat.Bootstrap logJVM
INFO : JVM Version:		1.8.0_144-b01
09 08, 2020 20:21:56 下午 cn.how2j.diytomcat.Bootstrap logJVM
INFO : JVM Vendor:		Oracle Corporation
09 08, 2020 20:21:56 下午 cn.how2j.diytomcat.catalina.Context <init>
INFO : Deploying web application directory F:\project\diytomcat\webapps\a
09 08, 2020 20:21:56 下午 cn.how2j.diytomcat.catalina.Context <init>
INFO : Deployment of web application directory F:\project\diytomcat\webapps\a has finished in 1 ms
09 08, 2020 20:21:56 下午 cn.how2j.diytomcat.catalina.Context <init>
INFO : Deploying web application directory F:\project\diytomcat\webapps\ROOT
09 08, 2020 20:21:56 下午 cn.how2j.diytomcat.catalina.Context <init>
INFO : Deployment of web application directory F:\project\diytomcat\webapps\ROOT has finished in 1 ms
09 08, 2020 20:21:56 下午 cn.how2j.diytomcat.catalina.Context <init>
INFO : Deploying web application directory F:/project/diytomcat/b
09 08, 2020 20:21:56 下午 cn.how2j.diytomcat.catalina.Context <init>
INFO : Deployment of web application directory F:/project/diytomcat/b has finished in 1 ms
09 08, 2020 20:26:29 下午 cn.how2j.diytomcat.Bootstrap logJVM
INFO : Server version:		How2J DiyTomcat/1.0.1
09 08, 2020 20:26:29 下午 cn.how2j.diytomcat.Bootstrap logJVM
INFO : Server built:		2020-04-08 10:20:22
09 08, 2020 20:26:29 下午 cn.how2j.diytomcat.Bootstrap logJVM
INFO : Server number:		1.0.1
09 08, 2020 20:26:29 下午 cn.how2j.diytomcat.Bootstrap logJVM
INFO : OS Name	:		Windows 10
09 08, 2020 20:26:29 下午 cn.how2j.diytomcat.Bootstrap logJVM
INFO : OS Version:		10.0
09 08, 2020 20:26:29 下午 cn.how2j.diytomcat.Bootstrap logJVM
INFO : Architecture:		amd64
09 08, 2020 20:26:29 下午 cn.how2j.diytomcat.Bootstrap logJVM
INFO : Java Home:		C:\Program Files\Java\jdk1.8.0_144\jre
09 08, 2020 20:26:29 下午 cn.how2j.diytomcat.Bootstrap logJVM
INFO : JVM Version:		1.8.0_144-b01
09 08, 2020 20:26:29 下午 cn.how2j.diytomcat.Bootstrap logJVM
INFO : JVM Vendor:		Oracle Corporation
09 08, 2020 20:26:29 下午 cn.how2j.diytomcat.catalina.Context <init>
INFO : Deploying web application directory F:\project\diytomcat\webapps\a
09 08, 2020 20:26:29 下午 cn.how2j.diytomcat.catalina.Context <init>
INFO : Deployment of web application directory F:\project\diytomcat\webapps\a has finished in 1 ms
09 08, 2020 20:26:29 下午 cn.how2j.diytomcat.catalina.Context <init>
INFO : Deploying web application directory F:\project\diytomcat\webapps\ROOT
09 08, 2020 20:26:29 下午 cn.how2j.diytomcat.catalina.Context <init>
INFO : Deployment of web application directory F:\project\diytomcat\webapps\ROOT has finished in 2 ms
09 08, 2020 20:26:30 下午 cn.how2j.diytomcat.catalina.Context <init>
INFO : Deploying web application directory F:/project/diytomcat/b
09 08, 2020 20:26:30 下午 cn.how2j.diytomcat.catalina.Context <init>
INFO : Deployment of web application directory F:/project/diytomcat/b has finished in 1 ms
09 08, 2020 21:21:06 下午 cn.how2j.diytomcat.Bootstrap logJVM
INFO : Server version:		How2J DiyTomcat/1.0.1
09 08, 2020 21:21:06 下午 cn.how2j.diytomcat.Bootstrap logJVM
INFO : Server built:		2020-04-08 10:20:22
09 08, 2020 21:21:06 下午 cn.how2j.diytomcat.Bootstrap logJVM
INFO : Server number:		1.0.1
09 08, 2020 21:21:06 下午 cn.how2j.diytomcat.Bootstrap logJVM
INFO : OS Name	:		Windows 10
09 08, 2020 21:21:06 下午 cn.how2j.diytomcat.Bootstrap logJVM
INFO : OS Version:		10.0
09 08, 2020 21:21:06 下午 cn.how2j.diytomcat.Bootstrap logJVM
INFO : Architecture:		amd64
09 08, 2020 21:21:06 下午 cn.how2j.diytomcat.Bootstrap logJVM
INFO : Java Home:		C:\Program Files\Java\jdk1.8.0_144\jre
09 08, 2020 21:21:06 下午 cn.how2j.diytomcat.Bootstrap logJVM
INFO : JVM Version:		1.8.0_144-b01
09 08, 2020 21:21:06 下午 cn.how2j.diytomcat.Bootstrap logJVM
INFO : JVM Vendor:		Oracle Corporation
09 08, 2020 21:21:06 下午 cn.how2j.diytomcat.catalina.Context <init>
INFO : Deploying web application directory F:\project\diytomcat\webapps\a
09 08, 2020 21:21:06 下午 cn.how2j.diytomcat.catalina.Context <init>
INFO : Deployment of web application directory F:\project\diytomcat\webapps\a has finished in 0 ms
09 08, 2020 21:21:06 下午 cn.how2j.diytomcat.catalina.Context <init>
INFO : Deploying web application directory F:\project\diytomcat\webapps\ROOT
09 08, 2020 21:21:06 下午 cn.how2j.diytomcat.catalina.Context <init>
INFO : Deployment of web application directory F:\project\diytomcat\webapps\ROOT has finished in 1 ms
09 08, 2020 21:21:06 下午 cn.how2j.diytomcat.catalina.Context <init>
INFO : Deploying web application directory F:/project/diytomcat/b
09 08, 2020 21:21:06 下午 cn.how2j.diytomcat.catalina.Context <init>
INFO : Deployment of web application directory F:/project/diytomcat/b has finished in 0 ms
09 08, 2020 21:31:23 下午 cn.how2j.diytomcat.Bootstrap logJVM
INFO : Server version:		How2J DiyTomcat/1.0.1
09 08, 2020 21:31:23 下午 cn.how2j.diytomcat.Bootstrap logJVM
INFO : Server built:		2020-04-08 10:20:22
09 08, 2020 21:31:23 下午 cn.how2j.diytomcat.Bootstrap logJVM
INFO : Server number:		1.0.1
09 08, 2020 21:31:23 下午 cn.how2j.diytomcat.Bootstrap logJVM
INFO : OS Name	:		Windows 10
09 08, 2020 21:31:23 下午 cn.how2j.diytomcat.Bootstrap logJVM
INFO : OS Version:		10.0
09 08, 2020 21:31:23 下午 cn.how2j.diytomcat.Bootstrap logJVM
INFO : Architecture:		amd64
09 08, 2020 21:31:23 下午 cn.how2j.diytomcat.Bootstrap logJVM
INFO : Java Home:		C:\Program Files\Java\jdk1.8.0_144\jre
09 08, 2020 21:31:23 下午 cn.how2j.diytomcat.Bootstrap logJVM
INFO : JVM Version:		1.8.0_144-b01
09 08, 2020 21:31:23 下午 cn.how2j.diytomcat.Bootstrap logJVM
INFO : JVM Vendor:		Oracle Corporation
09 08, 2020 21:31:23 下午 cn.how2j.diytomcat.catalina.Context <init>
INFO : Deploying web application directory F:\project\diytomcat\webapps\a
09 08, 2020 21:31:23 下午 cn.how2j.diytomcat.catalina.Context <init>
INFO : Deployment of web application directory F:\project\diytomcat\webapps\a has finished in 1 ms
09 08, 2020 21:31:23 下午 cn.how2j.diytomcat.catalina.Context <init>
INFO : Deploying web application directory F:\project\diytomcat\webapps\ROOT
09 08, 2020 21:31:23 下午 cn.how2j.diytomcat.catalina.Context <init>
INFO : Deployment of web application directory F:\project\diytomcat\webapps\ROOT has finished in 0 ms
09 08, 2020 21:31:23 下午 cn.how2j.diytomcat.catalina.Context <init>
INFO : Deploying web application directory F:/project/diytomcat/b
09 08, 2020 21:31:23 下午 cn.how2j.diytomcat.catalina.Context <init>
INFO : Deployment of web application directory F:/project/diytomcat/b has finished in 0 ms
09 08, 2020 22:07:24 下午 cn.how2j.diytomcat.Bootstrap logJVM
INFO : Server version:		How2J DiyTomcat/1.0.1
09 08, 2020 22:07:24 下午 cn.how2j.diytomcat.Bootstrap logJVM
INFO : Server built:		2020-04-08 10:20:22
09 08, 2020 22:07:24 下午 cn.how2j.diytomcat.Bootstrap logJVM
INFO : Server number:		1.0.1
09 08, 2020 22:07:24 下午 cn.how2j.diytomcat.Bootstrap logJVM
INFO : OS Name	:		Windows 10
09 08, 2020 22:07:24 下午 cn.how2j.diytomcat.Bootstrap logJVM
INFO : OS Version:		10.0
09 08, 2020 22:07:24 下午 cn.how2j.diytomcat.Bootstrap logJVM
INFO : Architecture:		amd64
09 08, 2020 22:07:24 下午 cn.how2j.diytomcat.Bootstrap logJVM
INFO : Java Home:		C:\Program Files\Java\jdk1.8.0_144\jre
09 08, 2020 22:07:24 下午 cn.how2j.diytomcat.Bootstrap logJVM
INFO : JVM Version:		1.8.0_144-b01
09 08, 2020 22:07:24 下午 cn.how2j.diytomcat.Bootstrap logJVM
INFO : JVM Vendor:		Oracle Corporation
09 08, 2020 22:07:24 下午 cn.how2j.diytomcat.catalina.Context <init>
INFO : Deploying web application directory F:\project\diytomcat\webapps\a
09 08, 2020 22:07:24 下午 cn.how2j.diytomcat.catalina.Context <init>
INFO : Deployment of web application directory F:\project\diytomcat\webapps\a has finished in 0 ms
09 08, 2020 22:07:24 下午 cn.how2j.diytomcat.catalina.Context <init>
INFO : Deploying web application directory F:\project\diytomcat\webapps\ROOT
09 08, 2020 22:07:24 下午 cn.how2j.diytomcat.catalina.Context <init>
INFO : Deployment of web application directory F:\project\diytomcat\webapps\ROOT has finished in 1 ms
09 08, 2020 22:07:25 下午 cn.how2j.diytomcat.catalina.Context <init>
INFO : Deploying web application directory F:/project/diytomcat/b
09 08, 2020 22:07:25 下午 cn.how2j.diytomcat.catalina.Context <init>
INFO : Deployment of web application directory F:/project/diytomcat/b has finished in 1 ms
